<?xml version="1.0" encoding="UTF-8"?>
<!-- Generated by org.testng.reporters.JUnitReportReporter -->
<testsuite skipped="0" hostname="HOME-PC" name="SeleniumAssigments.Login" tests="1" failures="0" timestamp="13 Sep 2020 19:44:46 GMT" time="19.877" errors="0">
  <testcase name="LoginPage" time="19.877" classname="SeleniumAssigments.Login"/>
</testsuite> <!-- SeleniumAssigments.Login -->
